<?xml version="1.0" encoding="UTF-8"?>
<!-- Generated by org.testng.reporters.JUnitXMLReporter -->
<testsuite ignored="0" hostname="AshokLP" failures="0" tests="3" name="Default test" time="0.1" errors="0" timestamp="2025-11-10T15:33:50 IST">
  <testcase classname="HW.HelloWorldClass" name="method1" time="0.016"/>
  <testcase classname="HW.HelloWorldClass" name="method2" time="0.004"/>
  <testcase classname="HW.HelloWorldClass" name="method3" time="0.003"/>
</testsuite> <!-- Default test -->
