<?xml version="1.0" encoding="UTF-8"?>
<!-- Generated by org.testng.reporters.JUnitXMLReporter -->
<testsuite ignored="0" hostname="AshokLP" failures="0" tests="8" name="Test" time="0.181" errors="0" timestamp="2026-06-16T11:12:31 IST">
  <testcase classname="HW.HelloWorldClass" name="method1" time="0.016"/>
  <testcase classname="HW.HelloWorldClass" name="method2" time="0.002"/>
  <testcase classname="HW.HelloWorldClass" name="method3" time="0.002"/>
  <testcase classname="HW.HelloWorldClass" name="method1" time="0.002"/>
  <testcase classname="HW.HelloWorldClass" name="method2" time="0.002"/>
  <testcase classname="HW.HelloWorldClass" name="method3" time="0.003"/>
  <testcase classname="HW.childclass" name="childmethod1" time="0.003"/>
  <testcase classname="HW.childclass" name="childmethod2" time="0.015"/>
</testsuite> <!-- Test -->
