<?xml version="1.0" encoding="UTF-8"?>
<testng-results ignored="0" total="8" passed="8" failed="0" skipped="0">
  <reporter-output>
  </reporter-output>
  <suite started-at="2026-06-16T11:12:31 IST" name="suite" finished-at="2026-06-16T11:12:31 IST" duration-ms="181">
    <groups>
    </groups>
    <test started-at="2026-06-16T11:12:31 IST" name="Test" finished-at="2026-06-16T11:12:31 IST" duration-ms="181">
      <class name="HW.childclass">
        <test-method signature="method1()[pri:0, instance:HW.childclass@6404f418]" started-at="2026-06-16T11:12:31 IST" name="method1" finished-at="2026-06-16T11:12:31 IST" duration-ms="2" status="PASS">
          <reporter-output>
          </reporter-output>
        </test-method> <!-- method1 -->
        <test-method signature="method2()[pri:0, instance:HW.childclass@6404f418]" started-at="2026-06-16T11:12:31 IST" name="method2" finished-at="2026-06-16T11:12:31 IST" duration-ms="2" status="PASS">
          <reporter-output>
          </reporter-output>
        </test-method> <!-- method2 -->
        <test-method signature="method3()[pri:0, instance:HW.childclass@6404f418]" started-at="2026-06-16T11:12:31 IST" name="method3" finished-at="2026-06-16T11:12:31 IST" duration-ms="3" status="PASS">
          <reporter-output>
          </reporter-output>
        </test-method> <!-- method3 -->
        <test-method signature="childmethod1()[pri:0, instance:HW.childclass@6404f418]" started-at="2026-06-16T11:12:31 IST" name="childmethod1" finished-at="2026-06-16T11:12:31 IST" duration-ms="3" status="PASS">
          <reporter-output>
          </reporter-output>
        </test-method> <!-- childmethod1 -->
        <test-method signature="childmethod2()[pri:0, instance:HW.childclass@6404f418]" started-at="2026-06-16T11:12:31 IST" name="childmethod2" finished-at="2026-06-16T11:12:31 IST" duration-ms="15" status="PASS">
          <reporter-output>
          </reporter-output>
        </test-method> <!-- childmethod2 -->
      </class> <!-- HW.childclass -->
      <class name="HW.HelloWorldClass">
        <test-method signature="method1()[pri:0, instance:HW.HelloWorldClass@58d75e99]" started-at="2026-06-16T11:12:31 IST" name="method1" finished-at="2026-06-16T11:12:31 IST" duration-ms="16" status="PASS">
          <reporter-output>
          </reporter-output>
        </test-method> <!-- method1 -->
        <test-method signature="method2()[pri:0, instance:HW.HelloWorldClass@58d75e99]" started-at="2026-06-16T11:12:31 IST" name="method2" finished-at="2026-06-16T11:12:31 IST" duration-ms="2" status="PASS">
          <reporter-output>
          </reporter-output>
        </test-method> <!-- method2 -->
        <test-method signature="method3()[pri:0, instance:HW.HelloWorldClass@58d75e99]" started-at="2026-06-16T11:12:31 IST" name="method3" finished-at="2026-06-16T11:12:31 IST" duration-ms="2" status="PASS">
          <reporter-output>
          </reporter-output>
        </test-method> <!-- method3 -->
      </class> <!-- HW.HelloWorldClass -->
    </test> <!-- Test -->
  </suite> <!-- suite -->
</testng-results>
