<?xml version="1.0" encoding="UTF-8"?>
<testng-results ignored="0" total="3" passed="3" failed="0" skipped="0">
  <reporter-output>
  </reporter-output>
  <suite started-at="2025-11-10T15:05:14 IST" name="Default suite" finished-at="2025-11-10T15:05:14 IST" duration-ms="131">
    <groups>
    </groups>
    <test started-at="2025-11-10T15:05:14 IST" name="Default test" finished-at="2025-11-10T15:05:14 IST" duration-ms="131">
      <class name="HW.HelloWorldClass">
        <test-method signature="method1()[pri:0, instance:HW.HelloWorldClass@383bfa16]" started-at="2025-11-10T15:05:14 IST" name="method1" finished-at="2025-11-10T15:05:14 IST" duration-ms="23" status="PASS">
          <reporter-output>
          </reporter-output>
        </test-method> <!-- method1 -->
        <test-method signature="method2()[pri:0, instance:HW.HelloWorldClass@383bfa16]" started-at="2025-11-10T15:05:14 IST" name="method2" finished-at="2025-11-10T15:05:14 IST" duration-ms="10" status="PASS">
          <reporter-output>
          </reporter-output>
        </test-method> <!-- method2 -->
        <test-method signature="method3()[pri:0, instance:HW.HelloWorldClass@383bfa16]" started-at="2025-11-10T15:05:14 IST" name="method3" finished-at="2025-11-10T15:05:14 IST" duration-ms="7" status="PASS">
          <reporter-output>
          </reporter-output>
        </test-method> <!-- method3 -->
      </class> <!-- HW.HelloWorldClass -->
    </test> <!-- Default test -->
  </suite> <!-- Default suite -->
</testng-results>
