<?xml version="1.0" encoding="UTF-8"?>
<!-- Generated by org.testng.reporters.JUnitReportReporter -->
<testsuite hostname="AshokLP" failures="0" tests="5" name="HW.childclass" time="0.025" errors="0" timestamp="2026-06-16T11:12:32 IST" skipped="0">
  <testcase classname="HW.childclass" name="childmethod1" time="0.003"/>
  <system-out/>
  <testcase classname="HW.childclass" name="method2" time="0.002"/>
  <system-out/>
  <testcase classname="HW.childclass" name="method1" time="0.002"/>
  <system-out/>
  <testcase classname="HW.childclass" name="childmethod2" time="0.015"/>
  <system-out/>
  <testcase classname="HW.childclass" name="method3" time="0.003"/>
  <system-out/>
</testsuite> <!-- HW.childclass -->
