<?xml version="1.0" encoding="UTF-8"?>
<!-- Generated by org.testng.reporters.JUnitReportReporter -->
<testsuite hostname="AshokLP" failures="0" tests="3" name="HW.HelloWorldClass" time="0.020" errors="0" timestamp="2026-06-16T11:12:32 IST" skipped="0">
  <testcase classname="HW.HelloWorldClass" name="method2" time="0.002"/>
  <system-out/>
  <testcase classname="HW.HelloWorldClass" name="method3" time="0.002"/>
  <system-out/>
  <testcase classname="HW.HelloWorldClass" name="method1" time="0.016"/>
  <system-out/>
</testsuite> <!-- HW.HelloWorldClass -->
