<?xml version="1.0" encoding="UTF-8"?>
<!-- Generated by org.testng.reporters.JUnitReportReporter -->
<testsuite hostname="AshokLP" failures="0" tests="3" name="HW.HelloWorldClass" time="0.040" errors="0" timestamp="2025-11-10T15:05:14 IST" skipped="0">
  <testcase classname="HW.HelloWorldClass" name="method3" time="0.007"/>
  <system-out/>
  <testcase classname="HW.HelloWorldClass" name="method1" time="0.023"/>
  <system-out/>
  <testcase classname="HW.HelloWorldClass" name="method2" time="0.010"/>
  <system-out/>
</testsuite> <!-- HW.HelloWorldClass -->
